13:04:33:418  INFO 28724 --- [main] com.hmall.item.ItemApplication           : Starting ItemApplication using Java 11.0.16.1 on LAPTOP-AI11273I with PID 28724 (D:\360Downloads\springcloud微服务资料\day02-Docker\资料\hmall\Item-service\target\classes started by 30217 in D:\360Downloads\springcloud微服务资料\day02-Docker\资料\hmall)
13:04:33:419 DEBUG 28724 --- [main] com.hmall.item.ItemApplication           : Running with Spring Boot v2.7.12, Spring v5.3.27
13:04:33:421  INFO 28724 --- [main] com.hmall.item.ItemApplication           : The following 1 profile is active: "dev"
13:04:34:374  INFO 28724 --- [main] o.s.b.w.embedded.tomcat.TomcatWebServer  : Tomcat initialized with port(s): 8081 (http)
13:04:34:382  INFO 28724 --- [main] o.apache.catalina.core.StandardService   : Starting service [Tomcat]
13:04:34:383  INFO 28724 --- [main] org.apache.catalina.core.StandardEngine  : Starting Servlet engine: [Apache Tomcat/9.0.75]
13:04:34:460  INFO 28724 --- [main] o.a.c.c.C.[Tomcat].[localhost].[/]       : Initializing Spring embedded WebApplicationContext
13:04:34:460  INFO 28724 --- [main] w.s.c.ServletWebServerApplicationContext : Root WebApplicationContext: initialization completed in 999 ms
13:04:35:318  INFO 28724 --- [main] pertySourcedRequestMappingHandlerMapping : Mapped URL path [/v2/api-docs] onto method [springfox.documentation.swagger2.web.Swagger2ControllerWebMvc#getDocumentation(String, HttpServletRequest)]
13:04:35:422  INFO 28724 --- [main] o.s.b.w.embedded.tomcat.TomcatWebServer  : Tomcat started on port(s): 8081 (http) with context path ''
13:04:35:423  INFO 28724 --- [main] d.s.w.p.DocumentationPluginsBootstrapper : Documentation plugins bootstrapped
13:04:35:425  INFO 28724 --- [main] d.s.w.p.DocumentationPluginsBootstrapper : Found 1 custom documentation plugin(s)
13:04:35:442  INFO 28724 --- [main] s.d.s.w.s.ApiListingReferenceScanner     : Scanning for api listing references
13:04:35:540  INFO 28724 --- [main] com.hmall.item.ItemApplication           : Started ItemApplication in 2.482 seconds (JVM running for 3.259)
13:05:27:337  INFO 25432 --- [main] com.hmall.item.ItemApplication           : Starting ItemApplication using Java 11.0.16.1 on LAPTOP-AI11273I with PID 25432 (D:\360Downloads\springcloud微服务资料\day02-Docker\资料\hmall\Item-service\target\classes started by 30217 in D:\360Downloads\springcloud微服务资料\day02-Docker\资料\hmall)
13:05:27:340 DEBUG 25432 --- [main] com.hmall.item.ItemApplication           : Running with Spring Boot v2.7.12, Spring v5.3.27
13:05:27:340  INFO 25432 --- [main] com.hmall.item.ItemApplication           : The following 1 profile is active: "dev"
13:05:28:252  INFO 25432 --- [main] o.s.b.w.embedded.tomcat.TomcatWebServer  : Tomcat initialized with port(s): 8081 (http)
13:05:28:259  INFO 25432 --- [main] o.apache.catalina.core.StandardService   : Starting service [Tomcat]
13:05:28:259  INFO 25432 --- [main] org.apache.catalina.core.StandardEngine  : Starting Servlet engine: [Apache Tomcat/9.0.75]
13:05:28:345  INFO 25432 --- [main] o.a.c.c.C.[Tomcat].[localhost].[/]       : Initializing Spring embedded WebApplicationContext
13:05:28:345  INFO 25432 --- [main] w.s.c.ServletWebServerApplicationContext : Root WebApplicationContext: initialization completed in 969 ms
13:05:29:292  INFO 25432 --- [main] pertySourcedRequestMappingHandlerMapping : Mapped URL path [/v2/api-docs] onto method [springfox.documentation.swagger2.web.Swagger2ControllerWebMvc#getDocumentation(String, HttpServletRequest)]
13:05:29:345  INFO 25432 --- [main] o.s.b.w.embedded.tomcat.TomcatWebServer  : Tomcat started on port(s): 8081 (http) with context path ''
13:05:29:346  INFO 25432 --- [main] d.s.w.p.DocumentationPluginsBootstrapper : Documentation plugins bootstrapped
13:05:29:347  INFO 25432 --- [main] d.s.w.p.DocumentationPluginsBootstrapper : Found 1 custom documentation plugin(s)
13:05:29:368  INFO 25432 --- [main] s.d.s.w.s.ApiListingReferenceScanner     : Scanning for api listing references
13:05:29:460  INFO 25432 --- [main] com.hmall.item.ItemApplication           : Started ItemApplication in 2.487 seconds (JVM running for 3.213)
13:05:41:397  INFO 25432 --- [http-nio-8081-exec-1] o.a.c.c.C.[Tomcat].[localhost].[/]       : Initializing Spring DispatcherServlet 'dispatcherServlet'
13:05:41:400  INFO 25432 --- [http-nio-8081-exec-1] o.s.web.servlet.DispatcherServlet        : Initializing Servlet 'dispatcherServlet'
13:05:41:403  INFO 25432 --- [http-nio-8081-exec-1] o.s.web.servlet.DispatcherServlet        : Completed initialization in 2 ms
13:06:34:497  INFO 25432 --- [http-nio-8081-exec-9] com.zaxxer.hikari.HikariDataSource       : HikariPool-1 - Starting...
13:06:35:103  INFO 25432 --- [http-nio-8081-exec-9] com.zaxxer.hikari.HikariDataSource       : HikariPool-1 - Start completed.
13:06:35:116 DEBUG 25432 --- [http-nio-8081-exec-9] c.h.i.mapper.ItemMapper.selectBatchIds   : ==>  Preparing: SELECT id,name,price,stock,image,category,brand,spec,sold,comment_count,isAD,status,create_time,update_time,creater,updater FROM item WHERE id IN ( ? , ? , ? )
13:06:35:153 DEBUG 25432 --- [http-nio-8081-exec-9] c.h.i.mapper.ItemMapper.selectBatchIds   : ==> Parameters: 100002672302(Long), 100002624500(Long), 100002533430(Long)
13:06:35:195 DEBUG 25432 --- [http-nio-8081-exec-9] c.h.i.mapper.ItemMapper.selectBatchIds   : <==      Total: 3
13:52:04:355  WARN 25432 --- [HikariPool-1 housekeeper] com.zaxxer.hikari.pool.HikariPool        : HikariPool-1 - Thread starvation or clock leap detected (housekeeper delta=39m58s974ms641µs300ns).
16:19:52:671  WARN 25432 --- [HikariPool-1 housekeeper] com.zaxxer.hikari.pool.HikariPool        : HikariPool-1 - Thread starvation or clock leap detected (housekeeper delta=2h27m50s680ms101µs300ns).
16:22:00:651  INFO 26916 --- [main] com.hmall.item.ItemApplication           : Starting ItemApplication using Java 11.0.16.1 on LAPTOP-AI11273I with PID 26916 (D:\360Downloads\springcloud微服务资料\day02-Docker\资料\hmall\Item-service\target\classes started by 30217 in D:\360Downloads\springcloud微服务资料\day02-Docker\资料\hmall)
16:22:00:655 DEBUG 26916 --- [main] com.hmall.item.ItemApplication           : Running with Spring Boot v2.7.12, Spring v5.3.27
16:22:00:656  INFO 26916 --- [main] com.hmall.item.ItemApplication           : The following 1 profile is active: "dev"
16:22:01:900  INFO 26916 --- [main] o.s.b.w.embedded.tomcat.TomcatWebServer  : Tomcat initialized with port(s): 8081 (http)
16:22:01:919  INFO 26916 --- [main] o.apache.catalina.core.StandardService   : Starting service [Tomcat]
16:22:01:920  INFO 26916 --- [main] org.apache.catalina.core.StandardEngine  : Starting Servlet engine: [Apache Tomcat/9.0.75]
16:22:02:067  INFO 26916 --- [main] o.a.c.c.C.[Tomcat].[localhost].[/]       : Initializing Spring embedded WebApplicationContext
16:22:02:067  INFO 26916 --- [main] w.s.c.ServletWebServerApplicationContext : Root WebApplicationContext: initialization completed in 1342 ms
16:22:03:331  INFO 26916 --- [main] pertySourcedRequestMappingHandlerMapping : Mapped URL path [/v2/api-docs] onto method [springfox.documentation.swagger2.web.Swagger2ControllerWebMvc#getDocumentation(String, HttpServletRequest)]
16:22:03:461  INFO 26916 --- [main] o.s.b.w.embedded.tomcat.TomcatWebServer  : Tomcat started on port(s): 8081 (http) with context path ''
16:22:03:462  INFO 26916 --- [main] d.s.w.p.DocumentationPluginsBootstrapper : Documentation plugins bootstrapped
16:22:03:465  INFO 26916 --- [main] d.s.w.p.DocumentationPluginsBootstrapper : Found 1 custom documentation plugin(s)
16:22:03:493  INFO 26916 --- [main] s.d.s.w.s.ApiListingReferenceScanner     : Scanning for api listing references
16:22:03:691  INFO 26916 --- [main] com.hmall.item.ItemApplication           : Started ItemApplication in 3.467 seconds (JVM running for 4.347)
